<?xml version="1.0" encoding="UTF-8"?>
<!-- Generated by org.testng.reporters.JUnitReportReporter -->
<testsuite skipped="0" hostname="IMCBCP42-MSL2" name="com.crm.qa.testcases.HomePageTest" tests="4" failures="0" timestamp="2020-10-01T17:56:36 IST" time="63.969" errors="0">
  <testcase name="DealsTest" time="16.188" classname="com.crm.qa.testcases.HomePageTest"/>
  <system-out/>
  <testcase name="HomePageTiTleTest" time="15.386" classname="com.crm.qa.testcases.HomePageTest"/>
  <system-out/>
  <testcase name="LabelTest" time="16.949" classname="com.crm.qa.testcases.HomePageTest"/>
  <system-out/>
  <testcase name="ContactsTest" time="15.446" classname="com.crm.qa.testcases.HomePageTest"/>
  <system-out/>
</testsuite> <!-- com.crm.qa.testcases.HomePageTest -->
