<?xml version="1.0" encoding="UTF-8"?>
<!-- Generated by org.testng.reporters.JUnitReportReporter -->
<testsuite skipped="0" hostname="IMCBCP42-MSL2" name="com.crm.qa.testcases.LoginPageTest" tests="3" failures="0" timestamp="2020-10-01T17:56:36 IST" time="45.810" errors="0">
  <testcase name="LoginPageTitleTest" time="16.073" classname="com.crm.qa.testcases.LoginPageTest"/>
  <system-out/>
  <testcase name="TextTest" time="14.762" classname="com.crm.qa.testcases.LoginPageTest"/>
  <system-out/>
  <testcase name="LoginTest" time="14.975" classname="com.crm.qa.testcases.LoginPageTest"/>
  <system-out/>
</testsuite> <!-- com.crm.qa.testcases.LoginPageTest -->
