<?xml version="1.0" encoding="UTF-8"?>
<!-- Generated by org.testng.reporters.JUnitReportReporter -->
<testsuite skipped="0" hostname="IMCBCP42-MSL2" name="com.crm.qa.testcases.ContactsPageTest" tests="3" failures="0" timestamp="2020-10-01T17:56:36 IST" time="89.530" errors="0">
  <testcase name="Details" time="32.218" classname="com.crm.qa.testcases.ContactsPageTest"/>
  <system-out/>
  <testcase name="Details" time="28.524" classname="com.crm.qa.testcases.ContactsPageTest"/>
  <system-out/>
  <testcase name="Details" time="28.788" classname="com.crm.qa.testcases.ContactsPageTest"/>
  <system-out/>
</testsuite> <!-- com.crm.qa.testcases.ContactsPageTest -->
